Performing C++ SOURCE FILE Test NCNN_COMPILER_SUPPORT_X86_AVX_VNNI failed with the following output:
Change Dir: /root/studyML/ncnn_preproc/build/CMakeFiles/CMakeTmp

Run Build Command:"/usr/bin/make" "cmTC_8d50a/fast"
/usr/bin/make -f CMakeFiles/cmTC_8d50a.dir/build.make CMakeFiles/cmTC_8d50a.dir/build
make[1]: Entering directory '/root/studyML/ncnn_preproc/build/CMakeFiles/CMakeTmp'
Building CXX object CMakeFiles/cmTC_8d50a.dir/src.cxx.o
/usr/bin/c++    -DNCNN_COMPILER_SUPPORT_X86_AVX_VNNI -mfma -mf16c -mavx2 -mavxvnni   -o CMakeFiles/cmTC_8d50a.dir/src.cxx.o -c /root/studyML/ncnn_preproc/build/CMakeFiles/CMakeTmp/src.cxx
c++: error: unrecognized command line option ‘-mavxvnni’; did you mean ‘-mavx’?
CMakeFiles/cmTC_8d50a.dir/build.make:65: recipe for target 'CMakeFiles/cmTC_8d50a.dir/src.cxx.o' failed
make[1]: *** [CMakeFiles/cmTC_8d50a.dir/src.cxx.o] Error 1
make[1]: Leaving directory '/root/studyML/ncnn_preproc/build/CMakeFiles/CMakeTmp'
Makefile:126: recipe for target 'cmTC_8d50a/fast' failed
make: *** [cmTC_8d50a/fast] Error 2

Source file was:
#include <immintrin.h>
int main() { __m256i _s, _a, _b; _s = _mm256_dpwssd_epi32(_s, _a, _b); return 0; }
Performing C++ SOURCE FILE Test NCNN_COMPILER_SUPPORT_X86_AVX512_VNNI failed with the following output:
Change Dir: /root/studyML/ncnn_preproc/build/CMakeFiles/CMakeTmp

Run Build Command:"/usr/bin/make" "cmTC_3ddc2/fast"
/usr/bin/make -f CMakeFiles/cmTC_3ddc2.dir/build.make CMakeFiles/cmTC_3ddc2.dir/build
make[1]: Entering directory '/root/studyML/ncnn_preproc/build/CMakeFiles/CMakeTmp'
Building CXX object CMakeFiles/cmTC_3ddc2.dir/src.cxx.o
/usr/bin/c++    -DNCNN_COMPILER_SUPPORT_X86_AVX512_VNNI -mfma -mf16c -mavx512f -mavx512cd -mavx512bw -mavx512dq -mavx512vl -mavx512vnni   -o CMakeFiles/cmTC_3ddc2.dir/src.cxx.o -c /root/studyML/ncnn_preproc/build/CMakeFiles/CMakeTmp/src.cxx
c++: error: unrecognized command line option ‘-mavx512vnni’; did you mean ‘-mavx5124vnniw’?
CMakeFiles/cmTC_3ddc2.dir/build.make:65: recipe for target 'CMakeFiles/cmTC_3ddc2.dir/src.cxx.o' failed
make[1]: *** [CMakeFiles/cmTC_3ddc2.dir/src.cxx.o] Error 1
make[1]: Leaving directory '/root/studyML/ncnn_preproc/build/CMakeFiles/CMakeTmp'
Makefile:126: recipe for target 'cmTC_3ddc2/fast' failed
make: *** [cmTC_3ddc2/fast] Error 2

Source file was:
#include <immintrin.h>
int main() { __m256i _s, _a, _b; _s = _mm256_dpwssd_epi32(_s, _a, _b); return 0; }
Determining if the pthread_create exist failed with the following output:
Change Dir: /root/studyML/ncnn_preproc/build/CMakeFiles/CMakeTmp

Run Build Command:"/usr/bin/make" "cmTC_63b0b/fast"
/usr/bin/make -f CMakeFiles/cmTC_63b0b.dir/build.make CMakeFiles/cmTC_63b0b.dir/build
make[1]: Entering directory '/root/studyML/ncnn_preproc/build/CMakeFiles/CMakeTmp'
Building C object CMakeFiles/cmTC_63b0b.dir/CheckSymbolExists.c.o
/usr/bin/cc    -o CMakeFiles/cmTC_63b0b.dir/CheckSymbolExists.c.o   -c /root/studyML/ncnn_preproc/build/CMakeFiles/CMakeTmp/CheckSymbolExists.c
Linking C executable cmTC_63b0b
/usr/bin/cmake -E cmake_link_script CMakeFiles/cmTC_63b0b.dir/link.txt --verbose=1
/usr/bin/cc      -rdynamic CMakeFiles/cmTC_63b0b.dir/CheckSymbolExists.c.o  -o cmTC_63b0b 
CMakeFiles/cmTC_63b0b.dir/CheckSymbolExists.c.o: In function `main':
CheckSymbolExists.c:(.text+0x1b): undefined reference to `pthread_create'
collect2: error: ld returned 1 exit status
CMakeFiles/cmTC_63b0b.dir/build.make:97: recipe for target 'cmTC_63b0b' failed
make[1]: *** [cmTC_63b0b] Error 1
make[1]: Leaving directory '/root/studyML/ncnn_preproc/build/CMakeFiles/CMakeTmp'
Makefile:126: recipe for target 'cmTC_63b0b/fast' failed
make: *** [cmTC_63b0b/fast] Error 2

File /root/studyML/ncnn_preproc/build/CMakeFiles/CMakeTmp/CheckSymbolExists.c:
/* */
#include <pthread.h>

int main(int argc, char** argv)
{
  (void)argv;
#ifndef pthread_create
  return ((int*)(&pthread_create))[argc];
#else
  (void)argc;
  return 0;
#endif
}

